<?xml version="1.0" encoding="UTF-8"?>
<testsuite name="CarShopControllerTest" tests="1" skipped="0" failures="0" errors="0" timestamp="2022-10-25T12:13:18" hostname="LAB208W-10" time="0.031">
  <properties/>
  <testcase name="createNewClient" classname="CarShopControllerTest" time="0.031"/>
  <system-out><![CDATA[]]></system-out>
  <system-err><![CDATA[]]></system-err>
</testsuite>
